[2019-08-27 08:07:54] run_gem_wrappers
run_gem_wrappers () 
{ 
    gem_install gem-wrappers > /dev/null && gem wrappers "$@" || return $?
}
current path: /home/sa
GEM_HOME=/home/sa/.rvm/gems/ruby-2.5.5@global
GEM_PATH=/home/sa/.rvm/gems/ruby-2.5.5@global
PATH=/home/sa/.rvm/gems/ruby-2.5.5@global/bin:/home/sa/.rvm/rubies/ruby-2.5.5/bin:/home/sa/.rvm/bin:/usr/local/sbin:/usr/local/bin:/usr/sbin:/usr/bin:/sbin:/bin:/usr/games:/usr/local/games:/snap/bin
command(2): run_gem_wrappers regenerate
+ gem_install gem-wrappers
+ typeset gem_name gem_version version_check
+ gem_version=
+ __rvm_parse_gems_args gem-wrappers
+ typeset gem=gem-wrappers
+ __rvm_string_match gem-wrappers '*.gem$'
+ typeset _string
+ _string=gem-wrappers
+ shift
+ ((  1  ))
+ case "${_string}" in
+ shift
+ ((  0  ))
+ return 1
+ gem_name=gem-wrappers
+ case "$gem" in
+ [[ -z '' ]]
+ __rvm_db gem_gem-wrappers_version gem_version
+ typeset value key variable
+ key=gem_gem-wrappers_version
+ variable=gem_version
+ value=
+ [[ -f /home/sa/.rvm/user/db ]]
++ __rvm_db_ /home/sa/.rvm/user/db gem_gem-wrappers_version
++ typeset __db __key __value
++ __db=/home/sa/.rvm/user/db
++ __key=gem_gem-wrappers_version
++ shift 2
++ __value=
++ case "${__value}" in
++ __rvm_db_get /home/sa/.rvm/user/db gem_gem-wrappers_version
++ [[ -f /home/sa/.rvm/user/db ]]
++ __rvm_sed -n -e '\#^gem_gem-wrappers_version=# { s#^gem_gem-wrappers_version=##;; p; }' -e '/^$/d'
++ sed -n -e '\#^gem_gem-wrappers_version=# { s#^gem_gem-wrappers_version=##;; p; }' -e '/^$/d'
+ value=
+ [[ -z '' ]]
+ [[ -f /home/sa/.rvm/config/db ]]
++ __rvm_db_ /home/sa/.rvm/config/db gem_gem-wrappers_version
++ typeset __db __key __value
++ __db=/home/sa/.rvm/config/db
++ __key=gem_gem-wrappers_version
++ shift 2
++ __value=
++ case "${__value}" in
++ __rvm_db_get /home/sa/.rvm/config/db gem_gem-wrappers_version
++ [[ -f /home/sa/.rvm/config/db ]]
++ __rvm_sed -n -e '\#^gem_gem-wrappers_version=# { s#^gem_gem-wrappers_version=##;; p; }' -e '/^$/d'
++ sed -n -e '\#^gem_gem-wrappers_version=# { s#^gem_gem-wrappers_version=##;; p; }' -e '/^$/d'
+ value='>=1.4.0'
+ [[ -n >=1.4.0 ]]
+ [[ -n gem_version ]]
+ eval 'gem_version='\''>=1.4.0'\'''
++ gem_version='>=1.4.0'
+ true
+ ((  0 == 0  ))
+ is_gem_installed
+ typeset gem_spec
+ gem_spec='gem '\''gem-wrappers'\'''
+ [[ -n >=1.4.0 ]]
+ gem_spec+=', '\''>=1.4.0'\'''
+ version_check=1.4.0
+ __rvm_ls -ld /home/sa/.rvm/gems/ruby-2.5.5@global/gems/gem-wrappers-1.4.0
+ rvm_log 'gem gem-wrappers >=1.4.0 is already installed'
+ [[ '' == 1 ]]
+ printf %b 'gem gem-wrappers >=1.4.0 is already installed\n'
+ return 0
+ gem wrappers regenerate
